This is pdfTeX, Version 3.1415926-2.3-1.40.12 (MiKTeX 2.9) (preloaded format=pdflatex 2015.11.19)  3 MAR 2025 03:07
entering extended mode
**f:/My*Documents/Address*Book/Output/addrWithFront.tex
("f:/My Documents/Address Book/Output/addrWithFront.tex"
LaTeX2e <2009/09/24>
Babel <v3.8l> and hyphenation patterns for english, afrikaans, ancientgreek, ar
abic, armenian, assamese, basque, bengali, bokmal, bulgarian, catalan, coptic, 
croatian, czech, danish, dutch, esperanto, estonian, farsi, finnish, french, ga
lician, german, greek, gujarati, hindi, hungarian, icelandic, indonesian, inter
lingua, irish, italian, kannada, kurmanji, lao, latin, latvian, lithuanian, mal
ayalam, marathi, mongolian, mongolianlmc, monogreek, ngerman, nynorsk, oriya, p
anjabi, pinyin, polish, portuguese, romanian, russian, sanskrit, serbian, slova
k, slovenian, spanish, swedish, swissgerman, tamil, telugu, turkish, turkmen, u
kenglish, ukrainian, uppersorbian, usenglishmax, welsh, loaded.
(d:\DBSharedFiles\LatexFiles\Miktex\tex\latex\base\minimal.cls
Document Class: minimal 2001/05/25 Standard LaTeX minimal class
) (d:\DBSharedFiles\LatexFiles\Miktex\tex\latex\pdfpages\pdfpages.sty
Package: pdfpages 2011/03/10 v0.4n Insert pages of external PDF documents (AM)
(d:\DBSharedFiles\LatexFiles\Miktex\tex\latex\base\ifthen.sty
Package: ifthen 2001/05/26 v1.1c Standard LaTeX ifthen package (DPC)
) (d:\DBSharedFiles\LatexFiles\Miktex\tex\latex\tools\calc.sty
Package: calc 2007/08/22 v4.3 Infix arithmetic (KKT,FJ)
\calc@Acount=\count79
\calc@Bcount=\count80
\calc@Adimen=\dimen102
\calc@Bdimen=\dimen103
\calc@Askip=\skip41
\calc@Bskip=\skip42
LaTeX Info: Redefining \setlength on input line 76.
LaTeX Info: Redefining \addtolength on input line 77.
\calc@Ccount=\count81
\calc@Cskip=\skip43
) (d:\DBSharedFiles\LatexFiles\Miktex\tex\latex\eso-pic\eso-pic.sty
Package: eso-pic 2010/10/06 v2.0c eso-pic (RN)
(d:\DBSharedFiles\LatexFiles\Miktex\tex\generic\oberdiek\atbegshi.sty
Package: atbegshi 2011/01/30 v1.15 At begin shipout hook (HO)
(d:\DBSharedFiles\LatexFiles\Miktex\tex\generic\oberdiek\infwarerr.sty
Package: infwarerr 2010/04/08 v1.3 Providing info/warning/message (HO)
) (d:\DBSharedFiles\LatexFiles\Miktex\tex\generic\oberdiek\ltxcmds.sty
Package: ltxcmds 2011/04/18 v1.20 LaTeX kernel commands for general use (HO)
) (d:\DBSharedFiles\LatexFiles\Miktex\tex\generic\oberdiek\ifpdf.sty
Package: ifpdf 2011/01/30 v2.3 Provides the ifpdf switch (HO)
Package ifpdf Info: pdfTeX in PDF mode is detected.
)) (d:\DBSharedFiles\LatexFiles\Miktex\tex\latex\graphics\keyval.sty
Package: keyval 1999/03/16 v1.13 key=value parser (DPC)
\KV@toks@=\toks14
) (d:\DBSharedFiles\LatexFiles\Miktex\tex\latex\xcolor\xcolor.sty
Package: xcolor 2007/01/21 v2.11 LaTeX color extensions (UK)
(d:\DBSharedFiles\LatexFiles\Miktex\tex\latex\00miktex\color.cfg
File: color.cfg 2007/01/18 v1.5 color configuration of teTeX/TeXLive
)
Package xcolor Info: Driver file: pdftex.def on input line 225.
(d:\DBSharedFiles\LatexFiles\Miktex\tex\latex\pdftex-def\pdftex.def
File: pdftex.def 2011/05/27 v0.06d Graphics/color for pdfTeX
\Gread@gobject=\count82
)
Package xcolor Info: Model `cmy' substituted by `cmy0' on input line 1337.
Package xcolor Info: Model `hsb' substituted by `rgb' on input line 1341.
Package xcolor Info: Model `RGB' extended on input line 1353.
Package xcolor Info: Model `HTML' substituted by `rgb' on input line 1355.
Package xcolor Info: Model `Hsb' substituted by `hsb' on input line 1356.
Package xcolor Info: Model `tHsb' substituted by `hsb' on input line 1357.
Package xcolor Info: Model `HSB' substituted by `hsb' on input line 1358.
Package xcolor Info: Model `Gray' substituted by `gray' on input line 1359.
Package xcolor Info: Model `wave' substituted by `hsb' on input line 1360.
)) (d:\DBSharedFiles\LatexFiles\Miktex\tex\latex\graphics\graphicx.sty
Package: graphicx 1999/02/16 v1.0f Enhanced LaTeX Graphics (DPC,SPQR)
(d:\DBSharedFiles\LatexFiles\Miktex\tex\latex\graphics\graphics.sty
Package: graphics 2009/02/05 v1.0o Standard LaTeX Graphics (DPC,SPQR)
(d:\DBSharedFiles\LatexFiles\Miktex\tex\latex\graphics\trig.sty
Package: trig 1999/03/16 v1.09 sin cos tan (DPC)
) (d:\DBSharedFiles\LatexFiles\Miktex\tex\latex\00miktex\graphics.cfg
File: graphics.cfg 2007/01/18 v1.5 graphics configuration of teTeX/TeXLive
)
Package graphics Info: Driver file: pdftex.def on input line 91.
)
\Gin@req@height=\dimen104
\Gin@req@width=\dimen105
) (d:\DBSharedFiles\LatexFiles\Miktex\tex\latex\pdfpages\pppdftex.def
File: pppdftex.def 2011/03/10 v0.4n Pdfpages driver for pdfTeX (AM)
)
\AM@pagebox=\box26
\AM@toc@title=\toks15
\c@AM@survey=\count83
\AM@templatesizebox=\box27
) (d:\DBSharedFiles\LatexFiles\Miktex\tex\latex\geometry\geometry.sty
Package: geometry 2010/09/12 v5.6 Page Geometry
(d:\DBSharedFiles\LatexFiles\Miktex\tex\generic\oberdiek\ifvtex.sty
Package: ifvtex 2010/03/01 v1.5 Switches for detecting VTeX and its modes (HO)
Package ifvtex Info: VTeX not detected.
) (d:\DBSharedFiles\LatexFiles\Miktex\tex\generic\ifxetex\ifxetex.sty
Package: ifxetex 2010/09/12 v0.6 Provides ifxetex conditional
)
\Gm@cnth=\count84
\Gm@cntv=\count85
\c@Gm@tempcnt=\count86
\Gm@bindingoffset=\dimen106
\Gm@wd@mp=\dimen107
\Gm@odd@mp=\dimen108
\Gm@even@mp=\dimen109
\Gm@layoutwidth=\dimen110
\Gm@layoutheight=\dimen111
\Gm@layouthoffset=\dimen112
\Gm@layoutvoffset=\dimen113
\Gm@dimlist=\toks16
(d:\DBSharedFiles\LatexFiles\Miktex\tex\latex\geometry\geometry.cfg)) ("f:\My D
ocuments\Address Book\Output\addrWithFront.aux")
LaTeX Font Info:    Checking defaults for OML/cmm/m/it on input line 4.
LaTeX Font Info:    ... okay on input line 4.
LaTeX Font Info:    Checking defaults for T1/cmr/m/n on input line 4.
LaTeX Font Info:    ... okay on input line 4.
LaTeX Font Info:    Checking defaults for OT1/cmr/m/n on input line 4.
LaTeX Font Info:    ... okay on input line 4.
LaTeX Font Info:    Checking defaults for OMS/cmsy/m/n on input line 4.
LaTeX Font Info:    ... okay on input line 4.
LaTeX Font Info:    Checking defaults for OMX/cmex/m/n on input line 4.
LaTeX Font Info:    ... okay on input line 4.
LaTeX Font Info:    Checking defaults for U/cmr/m/n on input line 4.
LaTeX Font Info:    ... okay on input line 4.
\AtBeginShipoutBox=\box28
(d:\DBSharedFiles\LatexFiles\Miktex\tex\context\base\supp-pdf.mkii
[Loading MPS to PDF converter (version 2006.09.02).]
\scratchcounter=\count87
\scratchdimen=\dimen114
\scratchbox=\box29
\nofMPsegments=\count88
\nofMParguments=\count89
\everyMPshowfont=\toks17
\MPscratchCnt=\count90
\MPscratchDim=\dimen115
\MPnumerator=\count91
\makeMPintoPDFobject=\count92
\everyMPtoPDFconversion=\toks18
)
*geometry* driver: auto-detecting
*geometry* detected driver: pdftex
*geometry* verbose mode - [ preamble ] result:
* driver: pdftex
* paper: custom
* layout: <same size as paper>
* layoutoffset:(h,v)=(0.0pt,0.0pt)
* modes: 
* h-part:(L,W,R)=(89.62709pt, 418.25368pt, 89.6271pt)
* v-part:(T,H,B)=(101.40665pt, 591.5302pt, 152.11pt)
* \paperwidth=597.50787pt
* \paperheight=845.04684pt
* \textwidth=418.25368pt
* \textheight=591.5302pt
* \oddsidemargin=17.3571pt
* \evensidemargin=17.3571pt
* \topmargin=29.13666pt
* \headheight=0.0pt
* \headsep=0.0pt
* \topskip=10.0pt
* \footskip=0.0pt
* \marginparwidth=0.0pt
* \marginparsep=0.0pt
* \columnsep=0.0pt
* \skip\footins=12.0pt plus 4.0pt minus 4.0pt
* \hoffset=0.0pt
* \voffset=0.0pt
* \mag=1000
* \@twocolumnfalse
* \@twosidefalse
* \@mparswitchfalse
* \@reversemarginfalse
* (1in=72.27pt=25.4mm, 1cm=28.453pt)

<addrFront.pdf, id=3, page=1, 298.75415pt x 422.52354pt>
File: addrFront.pdf Graphic file (type pdf)
<use addrFront.pdf, page 1>
Package pdftex.def Info: addrFront.pdf, page1 used on input line 5.
(pdftex.def)             Requested size: 298.75342pt x 422.5225pt.
File: addrFront.pdf Graphic file (type pdf)
<use addrFront.pdf, page 1>
Package pdftex.def Info: addrFront.pdf, page1 used on input line 5.
(pdftex.def)             Requested size: 598.24533pt x 846.08945pt.
File: addrFront.pdf Graphic file (type pdf)
<use addrFront.pdf, page 1>
Package pdftex.def Info: addrFront.pdf, page1 used on input line 5.
(pdftex.def)             Requested size: 598.24533pt x 846.08945pt.
File: addrFront.pdf Graphic file (type pdf)
<use addrFront.pdf, page 1>
Package pdftex.def Info: addrFront.pdf, page1 used on input line 5.
(pdftex.def)             Requested size: 598.24533pt x 846.08945pt.
File: addrFront.pdf Graphic file (type pdf)
<use addrFront.pdf, page 1>
Package pdftex.def Info: addrFront.pdf, page1 used on input line 5.
(pdftex.def)             Requested size: 598.24533pt x 846.08945pt.
[1 <f:/My Documents/Address Book/Output/addrFront.pdf{d:/DBSharedFiles/LatexFil
es/Miktex/pdftex/config/pdftex.map}>] <Temp.pdf, id=21, page=1, 298.75415pt x 4
21.10124pt>
File: Temp.pdf Graphic file (type pdf)
<use Temp.pdf, page 1>
Package pdftex.def Info: Temp.pdf, page1 used on input line 6.
(pdftex.def)             Requested size: 298.75342pt x 421.1002pt.
File: Temp.pdf Graphic file (type pdf)
<use Temp.pdf, page 1>
Package pdftex.def Info: Temp.pdf, page1 used on input line 6.
(pdftex.def)             Requested size: 599.01573pt x 844.32724pt.
File: Temp.pdf Graphic file (type pdf)
<use Temp.pdf, page 1>
Package pdftex.def Info: Temp.pdf, page1 used on input line 6.
(pdftex.def)             Requested size: 599.01573pt x 844.32724pt.
File: Temp.pdf Graphic file (type pdf)
<use Temp.pdf, page 1>
Package pdftex.def Info: Temp.pdf, page1 used on input line 6.
(pdftex.def)             Requested size: 599.01573pt x 844.32724pt.
File: Temp.pdf Graphic file (type pdf)
<use Temp.pdf, page 1>
Package pdftex.def Info: Temp.pdf, page1 used on input line 6.
(pdftex.def)             Requested size: 599.01573pt x 844.32724pt.
[2 <f:/My Documents/Address Book/Output/Temp.pdf>] <Temp.pdf, id=51, page=2, 29
8.75415pt x 421.10124pt>
File: Temp.pdf Graphic file (type pdf)
<use Temp.pdf, page 2>
Package pdftex.def Info: Temp.pdf, page2 used on input line 6.
(pdftex.def)             Requested size: 599.01573pt x 844.32724pt.
File: Temp.pdf Graphic file (type pdf)
<use Temp.pdf, page 2>
Package pdftex.def Info: Temp.pdf, page2 used on input line 6.
(pdftex.def)             Requested size: 599.01573pt x 844.32724pt.
File: Temp.pdf Graphic file (type pdf)
<use Temp.pdf, page 2>
Package pdftex.def Info: Temp.pdf, page2 used on input line 6.
(pdftex.def)             Requested size: 599.01573pt x 844.32724pt.
[3 <f:/My Documents/Address Book/Output/Temp.pdf>] <Temp.pdf, id=55, page=3, 29
8.75415pt x 421.10124pt>
File: Temp.pdf Graphic file (type pdf)
<use Temp.pdf, page 3>
Package pdftex.def Info: Temp.pdf, page3 used on input line 6.
(pdftex.def)             Requested size: 599.01573pt x 844.32724pt.
File: Temp.pdf Graphic file (type pdf)
<use Temp.pdf, page 3>
Package pdftex.def Info: Temp.pdf, page3 used on input line 6.
(pdftex.def)             Requested size: 599.01573pt x 844.32724pt.
File: Temp.pdf Graphic file (type pdf)
<use Temp.pdf, page 3>
Package pdftex.def Info: Temp.pdf, page3 used on input line 6.
(pdftex.def)             Requested size: 599.01573pt x 844.32724pt.
[4 <f:/My Documents/Address Book/Output/Temp.pdf>] <Temp.pdf, id=59, page=4, 29
8.75415pt x 421.10124pt>
File: Temp.pdf Graphic file (type pdf)
<use Temp.pdf, page 4>
Package pdftex.def Info: Temp.pdf, page4 used on input line 6.
(pdftex.def)             Requested size: 599.01573pt x 844.32724pt.
File: Temp.pdf Graphic file (type pdf)
<use Temp.pdf, page 4>
Package pdftex.def Info: Temp.pdf, page4 used on input line 6.
(pdftex.def)             Requested size: 599.01573pt x 844.32724pt.
File: Temp.pdf Graphic file (type pdf)
<use Temp.pdf, page 4>
Package pdftex.def Info: Temp.pdf, page4 used on input line 6.
(pdftex.def)             Requested size: 599.01573pt x 844.32724pt.
[5 <f:/My Documents/Address Book/Output/Temp.pdf>] <Temp.pdf, id=63, page=5, 29
8.75415pt x 421.10124pt>
File: Temp.pdf Graphic file (type pdf)
<use Temp.pdf, page 5>
Package pdftex.def Info: Temp.pdf, page5 used on input line 6.
(pdftex.def)             Requested size: 599.01573pt x 844.32724pt.
File: Temp.pdf Graphic file (type pdf)
<use Temp.pdf, page 5>
Package pdftex.def Info: Temp.pdf, page5 used on input line 6.
(pdftex.def)             Requested size: 599.01573pt x 844.32724pt.
File: Temp.pdf Graphic file (type pdf)
<use Temp.pdf, page 5>
Package pdftex.def Info: Temp.pdf, page5 used on input line 6.
(pdftex.def)             Requested size: 599.01573pt x 844.32724pt.
[6 <f:/My Documents/Address Book/Output/Temp.pdf>] <Temp.pdf, id=67, page=6, 29
8.75415pt x 421.10124pt>
File: Temp.pdf Graphic file (type pdf)
<use Temp.pdf, page 6>
Package pdftex.def Info: Temp.pdf, page6 used on input line 6.
(pdftex.def)             Requested size: 599.01573pt x 844.32724pt.
File: Temp.pdf Graphic file (type pdf)
<use Temp.pdf, page 6>
Package pdftex.def Info: Temp.pdf, page6 used on input line 6.
(pdftex.def)             Requested size: 599.01573pt x 844.32724pt.
File: Temp.pdf Graphic file (type pdf)
<use Temp.pdf, page 6>
Package pdftex.def Info: Temp.pdf, page6 used on input line 6.
(pdftex.def)             Requested size: 599.01573pt x 844.32724pt.
[7 <f:/My Documents/Address Book/Output/Temp.pdf>] <Temp.pdf, id=72, page=7, 29
8.75415pt x 421.10124pt>
File: Temp.pdf Graphic file (type pdf)
<use Temp.pdf, page 7>
Package pdftex.def Info: Temp.pdf, page7 used on input line 6.
(pdftex.def)             Requested size: 599.01573pt x 844.32724pt.
File: Temp.pdf Graphic file (type pdf)
<use Temp.pdf, page 7>
Package pdftex.def Info: Temp.pdf, page7 used on input line 6.
(pdftex.def)             Requested size: 599.01573pt x 844.32724pt.
File: Temp.pdf Graphic file (type pdf)
<use Temp.pdf, page 7>
Package pdftex.def Info: Temp.pdf, page7 used on input line 6.
(pdftex.def)             Requested size: 599.01573pt x 844.32724pt.
[8 <f:/My Documents/Address Book/Output/Temp.pdf>] <Temp.pdf, id=76, page=8, 29
8.75415pt x 421.10124pt>
File: Temp.pdf Graphic file (type pdf)
<use Temp.pdf, page 8>
Package pdftex.def Info: Temp.pdf, page8 used on input line 6.
(pdftex.def)             Requested size: 599.01573pt x 844.32724pt.
File: Temp.pdf Graphic file (type pdf)
<use Temp.pdf, page 8>
Package pdftex.def Info: Temp.pdf, page8 used on input line 6.
(pdftex.def)             Requested size: 599.01573pt x 844.32724pt.
File: Temp.pdf Graphic file (type pdf)
<use Temp.pdf, page 8>
Package pdftex.def Info: Temp.pdf, page8 used on input line 6.
(pdftex.def)             Requested size: 599.01573pt x 844.32724pt.
[9 <f:/My Documents/Address Book/Output/Temp.pdf>] <Temp.pdf, id=80, page=9, 29
8.75415pt x 421.10124pt>
File: Temp.pdf Graphic file (type pdf)
<use Temp.pdf, page 9>
Package pdftex.def Info: Temp.pdf, page9 used on input line 6.
(pdftex.def)             Requested size: 599.01573pt x 844.32724pt.
File: Temp.pdf Graphic file (type pdf)
<use Temp.pdf, page 9>
Package pdftex.def Info: Temp.pdf, page9 used on input line 6.
(pdftex.def)             Requested size: 599.01573pt x 844.32724pt.
File: Temp.pdf Graphic file (type pdf)
<use Temp.pdf, page 9>
Package pdftex.def Info: Temp.pdf, page9 used on input line 6.
(pdftex.def)             Requested size: 599.01573pt x 844.32724pt.
[10 <f:/My Documents/Address Book/Output/Temp.pdf>] <Temp.pdf, id=84, page=10, 
298.75415pt x 421.10124pt>
File: Temp.pdf Graphic file (type pdf)
<use Temp.pdf, page 10>
Package pdftex.def Info: Temp.pdf, page10 used on input line 6.
(pdftex.def)             Requested size: 599.01573pt x 844.32724pt.
File: Temp.pdf Graphic file (type pdf)
<use Temp.pdf, page 10>
Package pdftex.def Info: Temp.pdf, page10 used on input line 6.
(pdftex.def)             Requested size: 599.01573pt x 844.32724pt.
File: Temp.pdf Graphic file (type pdf)
<use Temp.pdf, page 10>
Package pdftex.def Info: Temp.pdf, page10 used on input line 6.
(pdftex.def)             Requested size: 599.01573pt x 844.32724pt.
[11 <f:/My Documents/Address Book/Output/Temp.pdf>] <Temp.pdf, id=88, page=11, 
298.75415pt x 421.10124pt>
File: Temp.pdf Graphic file (type pdf)
<use Temp.pdf, page 11>
Package pdftex.def Info: Temp.pdf, page11 used on input line 6.
(pdftex.def)             Requested size: 599.01573pt x 844.32724pt.
File: Temp.pdf Graphic file (type pdf)
<use Temp.pdf, page 11>
Package pdftex.def Info: Temp.pdf, page11 used on input line 6.
(pdftex.def)             Requested size: 599.01573pt x 844.32724pt.
File: Temp.pdf Graphic file (type pdf)
<use Temp.pdf, page 11>
Package pdftex.def Info: Temp.pdf, page11 used on input line 6.
(pdftex.def)             Requested size: 599.01573pt x 844.32724pt.
[12 <f:/My Documents/Address Book/Output/Temp.pdf>] <Temp.pdf, id=92, page=12, 
298.75415pt x 421.10124pt>
File: Temp.pdf Graphic file (type pdf)
<use Temp.pdf, page 12>
Package pdftex.def Info: Temp.pdf, page12 used on input line 6.
(pdftex.def)             Requested size: 599.01573pt x 844.32724pt.
File: Temp.pdf Graphic file (type pdf)
<use Temp.pdf, page 12>
Package pdftex.def Info: Temp.pdf, page12 used on input line 6.
(pdftex.def)             Requested size: 599.01573pt x 844.32724pt.
File: Temp.pdf Graphic file (type pdf)
<use Temp.pdf, page 12>
Package pdftex.def Info: Temp.pdf, page12 used on input line 6.
(pdftex.def)             Requested size: 599.01573pt x 844.32724pt.
[13 <f:/My Documents/Address Book/Output/Temp.pdf>] <Temp.pdf, id=97, page=13, 
298.75415pt x 421.10124pt>
File: Temp.pdf Graphic file (type pdf)
<use Temp.pdf, page 13>
Package pdftex.def Info: Temp.pdf, page13 used on input line 6.
(pdftex.def)             Requested size: 599.01573pt x 844.32724pt.
File: Temp.pdf Graphic file (type pdf)
<use Temp.pdf, page 13>
Package pdftex.def Info: Temp.pdf, page13 used on input line 6.
(pdftex.def)             Requested size: 599.01573pt x 844.32724pt.
File: Temp.pdf Graphic file (type pdf)
<use Temp.pdf, page 13>
Package pdftex.def Info: Temp.pdf, page13 used on input line 6.
(pdftex.def)             Requested size: 599.01573pt x 844.32724pt.
[14 <f:/My Documents/Address Book/Output/Temp.pdf>] <Temp.pdf, id=101, page=14,
 298.75415pt x 421.10124pt>
File: Temp.pdf Graphic file (type pdf)
<use Temp.pdf, page 14>
Package pdftex.def Info: Temp.pdf, page14 used on input line 6.
(pdftex.def)             Requested size: 599.01573pt x 844.32724pt.
File: Temp.pdf Graphic file (type pdf)
<use Temp.pdf, page 14>
Package pdftex.def Info: Temp.pdf, page14 used on input line 6.
(pdftex.def)             Requested size: 599.01573pt x 844.32724pt.
File: Temp.pdf Graphic file (type pdf)
<use Temp.pdf, page 14>
Package pdftex.def Info: Temp.pdf, page14 used on input line 6.
(pdftex.def)             Requested size: 599.01573pt x 844.32724pt.
[15 <f:/My Documents/Address Book/Output/Temp.pdf>] <Temp.pdf, id=105, page=15,
 298.75415pt x 421.10124pt>
File: Temp.pdf Graphic file (type pdf)
<use Temp.pdf, page 15>
Package pdftex.def Info: Temp.pdf, page15 used on input line 6.
(pdftex.def)             Requested size: 599.01573pt x 844.32724pt.
File: Temp.pdf Graphic file (type pdf)
<use Temp.pdf, page 15>
Package pdftex.def Info: Temp.pdf, page15 used on input line 6.
(pdftex.def)             Requested size: 599.01573pt x 844.32724pt.
File: Temp.pdf Graphic file (type pdf)
<use Temp.pdf, page 15>
Package pdftex.def Info: Temp.pdf, page15 used on input line 6.
(pdftex.def)             Requested size: 599.01573pt x 844.32724pt.
[16 <f:/My Documents/Address Book/Output/Temp.pdf>] <Temp.pdf, id=109, page=16,
 298.75415pt x 421.10124pt>
File: Temp.pdf Graphic file (type pdf)
<use Temp.pdf, page 16>
Package pdftex.def Info: Temp.pdf, page16 used on input line 6.
(pdftex.def)             Requested size: 599.01573pt x 844.32724pt.
File: Temp.pdf Graphic file (type pdf)
<use Temp.pdf, page 16>
Package pdftex.def Info: Temp.pdf, page16 used on input line 6.
(pdftex.def)             Requested size: 599.01573pt x 844.32724pt.
File: Temp.pdf Graphic file (type pdf)
<use Temp.pdf, page 16>
Package pdftex.def Info: Temp.pdf, page16 used on input line 6.
(pdftex.def)             Requested size: 599.01573pt x 844.32724pt.
[17 <f:/My Documents/Address Book/Output/Temp.pdf>] <Temp.pdf, id=113, page=17,
 298.75415pt x 421.10124pt>
File: Temp.pdf Graphic file (type pdf)
<use Temp.pdf, page 17>
Package pdftex.def Info: Temp.pdf, page17 used on input line 6.
(pdftex.def)             Requested size: 599.01573pt x 844.32724pt.
File: Temp.pdf Graphic file (type pdf)
<use Temp.pdf, page 17>
Package pdftex.def Info: Temp.pdf, page17 used on input line 6.
(pdftex.def)             Requested size: 599.01573pt x 844.32724pt.
File: Temp.pdf Graphic file (type pdf)
<use Temp.pdf, page 17>
Package pdftex.def Info: Temp.pdf, page17 used on input line 6.
(pdftex.def)             Requested size: 599.01573pt x 844.32724pt.
[18 <f:/My Documents/Address Book/Output/Temp.pdf>] <Temp.pdf, id=117, page=18,
 298.75415pt x 421.10124pt>
File: Temp.pdf Graphic file (type pdf)
<use Temp.pdf, page 18>
Package pdftex.def Info: Temp.pdf, page18 used on input line 6.
(pdftex.def)             Requested size: 599.01573pt x 844.32724pt.
File: Temp.pdf Graphic file (type pdf)
<use Temp.pdf, page 18>
Package pdftex.def Info: Temp.pdf, page18 used on input line 6.
(pdftex.def)             Requested size: 599.01573pt x 844.32724pt.
File: Temp.pdf Graphic file (type pdf)
<use Temp.pdf, page 18>
Package pdftex.def Info: Temp.pdf, page18 used on input line 6.
(pdftex.def)             Requested size: 599.01573pt x 844.32724pt.
[19 <f:/My Documents/Address Book/Output/Temp.pdf>] <Temp.pdf, id=122, page=19,
 298.75415pt x 421.10124pt>
File: Temp.pdf Graphic file (type pdf)
<use Temp.pdf, page 19>
Package pdftex.def Info: Temp.pdf, page19 used on input line 6.
(pdftex.def)             Requested size: 599.01573pt x 844.32724pt.
File: Temp.pdf Graphic file (type pdf)
<use Temp.pdf, page 19>
Package pdftex.def Info: Temp.pdf, page19 used on input line 6.
(pdftex.def)             Requested size: 599.01573pt x 844.32724pt.
File: Temp.pdf Graphic file (type pdf)
<use Temp.pdf, page 19>
Package pdftex.def Info: Temp.pdf, page19 used on input line 6.
(pdftex.def)             Requested size: 599.01573pt x 844.32724pt.
[20 <f:/My Documents/Address Book/Output/Temp.pdf>] <Temp.pdf, id=126, page=20,
 298.75415pt x 421.10124pt>
File: Temp.pdf Graphic file (type pdf)
<use Temp.pdf, page 20>
Package pdftex.def Info: Temp.pdf, page20 used on input line 6.
(pdftex.def)             Requested size: 599.01573pt x 844.32724pt.
File: Temp.pdf Graphic file (type pdf)
<use Temp.pdf, page 20>
Package pdftex.def Info: Temp.pdf, page20 used on input line 6.
(pdftex.def)             Requested size: 599.01573pt x 844.32724pt.
File: Temp.pdf Graphic file (type pdf)
<use Temp.pdf, page 20>
Package pdftex.def Info: Temp.pdf, page20 used on input line 6.
(pdftex.def)             Requested size: 599.01573pt x 844.32724pt.
[21 <f:/My Documents/Address Book/Output/Temp.pdf>] <Temp.pdf, id=130, page=21,
 298.75415pt x 421.10124pt>
File: Temp.pdf Graphic file (type pdf)
<use Temp.pdf, page 21>
Package pdftex.def Info: Temp.pdf, page21 used on input line 6.
(pdftex.def)             Requested size: 599.01573pt x 844.32724pt.
File: Temp.pdf Graphic file (type pdf)
<use Temp.pdf, page 21>
Package pdftex.def Info: Temp.pdf, page21 used on input line 6.
(pdftex.def)             Requested size: 599.01573pt x 844.32724pt.
File: Temp.pdf Graphic file (type pdf)
<use Temp.pdf, page 21>
Package pdftex.def Info: Temp.pdf, page21 used on input line 6.
(pdftex.def)             Requested size: 599.01573pt x 844.32724pt.
[22 <f:/My Documents/Address Book/Output/Temp.pdf>] <Temp.pdf, id=134, page=22,
 298.75415pt x 421.10124pt>
File: Temp.pdf Graphic file (type pdf)
<use Temp.pdf, page 22>
Package pdftex.def Info: Temp.pdf, page22 used on input line 6.
(pdftex.def)             Requested size: 599.01573pt x 844.32724pt.
File: Temp.pdf Graphic file (type pdf)
<use Temp.pdf, page 22>
Package pdftex.def Info: Temp.pdf, page22 used on input line 6.
(pdftex.def)             Requested size: 599.01573pt x 844.32724pt.
File: Temp.pdf Graphic file (type pdf)
<use Temp.pdf, page 22>
Package pdftex.def Info: Temp.pdf, page22 used on input line 6.
(pdftex.def)             Requested size: 599.01573pt x 844.32724pt.
[23 <f:/My Documents/Address Book/Output/Temp.pdf>] <Temp.pdf, id=138, page=23,
 298.75415pt x 421.10124pt>
File: Temp.pdf Graphic file (type pdf)
<use Temp.pdf, page 23>
Package pdftex.def Info: Temp.pdf, page23 used on input line 6.
(pdftex.def)             Requested size: 599.01573pt x 844.32724pt.
File: Temp.pdf Graphic file (type pdf)
<use Temp.pdf, page 23>
Package pdftex.def Info: Temp.pdf, page23 used on input line 6.
(pdftex.def)             Requested size: 599.01573pt x 844.32724pt.
File: Temp.pdf Graphic file (type pdf)
<use Temp.pdf, page 23>
Package pdftex.def Info: Temp.pdf, page23 used on input line 6.
(pdftex.def)             Requested size: 599.01573pt x 844.32724pt.
[24 <f:/My Documents/Address Book/Output/Temp.pdf>] <Temp.pdf, id=142, page=24,
 298.75415pt x 421.10124pt>
File: Temp.pdf Graphic file (type pdf)
<use Temp.pdf, page 24>
Package pdftex.def Info: Temp.pdf, page24 used on input line 6.
(pdftex.def)             Requested size: 599.01573pt x 844.32724pt.
File: Temp.pdf Graphic file (type pdf)
<use Temp.pdf, page 24>
Package pdftex.def Info: Temp.pdf, page24 used on input line 6.
(pdftex.def)             Requested size: 599.01573pt x 844.32724pt.
File: Temp.pdf Graphic file (type pdf)
<use Temp.pdf, page 24>
Package pdftex.def Info: Temp.pdf, page24 used on input line 6.
(pdftex.def)             Requested size: 599.01573pt x 844.32724pt.
[25 <f:/My Documents/Address Book/Output/Temp.pdf>] <Temp.pdf, id=147, page=25,
 298.75415pt x 421.10124pt>
File: Temp.pdf Graphic file (type pdf)
<use Temp.pdf, page 25>
Package pdftex.def Info: Temp.pdf, page25 used on input line 6.
(pdftex.def)             Requested size: 599.01573pt x 844.32724pt.
File: Temp.pdf Graphic file (type pdf)
<use Temp.pdf, page 25>
Package pdftex.def Info: Temp.pdf, page25 used on input line 6.
(pdftex.def)             Requested size: 599.01573pt x 844.32724pt.
File: Temp.pdf Graphic file (type pdf)
<use Temp.pdf, page 25>
Package pdftex.def Info: Temp.pdf, page25 used on input line 6.
(pdftex.def)             Requested size: 599.01573pt x 844.32724pt.
[26 <f:/My Documents/Address Book/Output/Temp.pdf>] <Temp.pdf, id=151, page=26,
 298.75415pt x 421.10124pt>
File: Temp.pdf Graphic file (type pdf)
<use Temp.pdf, page 26>
Package pdftex.def Info: Temp.pdf, page26 used on input line 6.
(pdftex.def)             Requested size: 599.01573pt x 844.32724pt.
File: Temp.pdf Graphic file (type pdf)
<use Temp.pdf, page 26>
Package pdftex.def Info: Temp.pdf, page26 used on input line 6.
(pdftex.def)             Requested size: 599.01573pt x 844.32724pt.
File: Temp.pdf Graphic file (type pdf)
<use Temp.pdf, page 26>
Package pdftex.def Info: Temp.pdf, page26 used on input line 6.
(pdftex.def)             Requested size: 599.01573pt x 844.32724pt.
[27 <f:/My Documents/Address Book/Output/Temp.pdf>] <Temp.pdf, id=155, page=27,
 298.75415pt x 421.10124pt>
File: Temp.pdf Graphic file (type pdf)
<use Temp.pdf, page 27>
Package pdftex.def Info: Temp.pdf, page27 used on input line 6.
(pdftex.def)             Requested size: 599.01573pt x 844.32724pt.
File: Temp.pdf Graphic file (type pdf)
<use Temp.pdf, page 27>
Package pdftex.def Info: Temp.pdf, page27 used on input line 6.
(pdftex.def)             Requested size: 599.01573pt x 844.32724pt.
File: Temp.pdf Graphic file (type pdf)
<use Temp.pdf, page 27>
Package pdftex.def Info: Temp.pdf, page27 used on input line 6.
(pdftex.def)             Requested size: 599.01573pt x 844.32724pt.
[28 <f:/My Documents/Address Book/Output/Temp.pdf>] <Temp.pdf, id=159, page=28,
 298.75415pt x 421.10124pt>
File: Temp.pdf Graphic file (type pdf)
<use Temp.pdf, page 28>
Package pdftex.def Info: Temp.pdf, page28 used on input line 6.
(pdftex.def)             Requested size: 599.01573pt x 844.32724pt.
File: Temp.pdf Graphic file (type pdf)
<use Temp.pdf, page 28>
Package pdftex.def Info: Temp.pdf, page28 used on input line 6.
(pdftex.def)             Requested size: 599.01573pt x 844.32724pt.
File: Temp.pdf Graphic file (type pdf)
<use Temp.pdf, page 28>
Package pdftex.def Info: Temp.pdf, page28 used on input line 6.
(pdftex.def)             Requested size: 599.01573pt x 844.32724pt.
[29 <f:/My Documents/Address Book/Output/Temp.pdf>] <Temp.pdf, id=163, page=29,
 298.75415pt x 421.10124pt>
File: Temp.pdf Graphic file (type pdf)
<use Temp.pdf, page 29>
Package pdftex.def Info: Temp.pdf, page29 used on input line 6.
(pdftex.def)             Requested size: 599.01573pt x 844.32724pt.
File: Temp.pdf Graphic file (type pdf)
<use Temp.pdf, page 29>
Package pdftex.def Info: Temp.pdf, page29 used on input line 6.
(pdftex.def)             Requested size: 599.01573pt x 844.32724pt.
File: Temp.pdf Graphic file (type pdf)
<use Temp.pdf, page 29>
Package pdftex.def Info: Temp.pdf, page29 used on input line 6.
(pdftex.def)             Requested size: 599.01573pt x 844.32724pt.
[30 <f:/My Documents/Address Book/Output/Temp.pdf>] <Temp.pdf, id=167, page=30,
 298.75415pt x 421.10124pt>
File: Temp.pdf Graphic file (type pdf)
<use Temp.pdf, page 30>
Package pdftex.def Info: Temp.pdf, page30 used on input line 6.
(pdftex.def)             Requested size: 599.01573pt x 844.32724pt.
File: Temp.pdf Graphic file (type pdf)
<use Temp.pdf, page 30>
Package pdftex.def Info: Temp.pdf, page30 used on input line 6.
(pdftex.def)             Requested size: 599.01573pt x 844.32724pt.
File: Temp.pdf Graphic file (type pdf)
<use Temp.pdf, page 30>
Package pdftex.def Info: Temp.pdf, page30 used on input line 6.
(pdftex.def)             Requested size: 599.01573pt x 844.32724pt.
[31 <f:/My Documents/Address Book/Output/Temp.pdf>] <Temp.pdf, id=172, page=31,
 298.75415pt x 421.10124pt>
File: Temp.pdf Graphic file (type pdf)
<use Temp.pdf, page 31>
Package pdftex.def Info: Temp.pdf, page31 used on input line 6.
(pdftex.def)             Requested size: 599.01573pt x 844.32724pt.
File: Temp.pdf Graphic file (type pdf)
<use Temp.pdf, page 31>
Package pdftex.def Info: Temp.pdf, page31 used on input line 6.
(pdftex.def)             Requested size: 599.01573pt x 844.32724pt.
File: Temp.pdf Graphic file (type pdf)
<use Temp.pdf, page 31>
Package pdftex.def Info: Temp.pdf, page31 used on input line 6.
(pdftex.def)             Requested size: 599.01573pt x 844.32724pt.
[32 <f:/My Documents/Address Book/Output/Temp.pdf>] <Temp.pdf, id=176, page=32,
 298.75415pt x 421.10124pt>
File: Temp.pdf Graphic file (type pdf)
<use Temp.pdf, page 32>
Package pdftex.def Info: Temp.pdf, page32 used on input line 6.
(pdftex.def)             Requested size: 599.01573pt x 844.32724pt.
File: Temp.pdf Graphic file (type pdf)
<use Temp.pdf, page 32>
Package pdftex.def Info: Temp.pdf, page32 used on input line 6.
(pdftex.def)             Requested size: 599.01573pt x 844.32724pt.
File: Temp.pdf Graphic file (type pdf)
<use Temp.pdf, page 32>
Package pdftex.def Info: Temp.pdf, page32 used on input line 6.
(pdftex.def)             Requested size: 599.01573pt x 844.32724pt.
[33 <f:/My Documents/Address Book/Output/Temp.pdf>] <Temp.pdf, id=180, page=33,
 298.75415pt x 421.10124pt>
File: Temp.pdf Graphic file (type pdf)
<use Temp.pdf, page 33>
Package pdftex.def Info: Temp.pdf, page33 used on input line 6.
(pdftex.def)             Requested size: 599.01573pt x 844.32724pt.
File: Temp.pdf Graphic file (type pdf)
<use Temp.pdf, page 33>
Package pdftex.def Info: Temp.pdf, page33 used on input line 6.
(pdftex.def)             Requested size: 599.01573pt x 844.32724pt.
File: Temp.pdf Graphic file (type pdf)
<use Temp.pdf, page 33>
Package pdftex.def Info: Temp.pdf, page33 used on input line 6.
(pdftex.def)             Requested size: 599.01573pt x 844.32724pt.
[34 <f:/My Documents/Address Book/Output/Temp.pdf>] <Temp.pdf, id=184, page=34,
 298.75415pt x 421.10124pt>
File: Temp.pdf Graphic file (type pdf)
<use Temp.pdf, page 34>
Package pdftex.def Info: Temp.pdf, page34 used on input line 6.
(pdftex.def)             Requested size: 599.01573pt x 844.32724pt.
File: Temp.pdf Graphic file (type pdf)
<use Temp.pdf, page 34>
Package pdftex.def Info: Temp.pdf, page34 used on input line 6.
(pdftex.def)             Requested size: 599.01573pt x 844.32724pt.
File: Temp.pdf Graphic file (type pdf)
<use Temp.pdf, page 34>
Package pdftex.def Info: Temp.pdf, page34 used on input line 6.
(pdftex.def)             Requested size: 599.01573pt x 844.32724pt.
[35 <f:/My Documents/Address Book/Output/Temp.pdf>] <Temp.pdf, id=188, page=35,
 298.75415pt x 421.10124pt>
File: Temp.pdf Graphic file (type pdf)
<use Temp.pdf, page 35>
Package pdftex.def Info: Temp.pdf, page35 used on input line 6.
(pdftex.def)             Requested size: 599.01573pt x 844.32724pt.
File: Temp.pdf Graphic file (type pdf)
<use Temp.pdf, page 35>
Package pdftex.def Info: Temp.pdf, page35 used on input line 6.
(pdftex.def)             Requested size: 599.01573pt x 844.32724pt.
File: Temp.pdf Graphic file (type pdf)
<use Temp.pdf, page 35>
Package pdftex.def Info: Temp.pdf, page35 used on input line 6.
(pdftex.def)             Requested size: 599.01573pt x 844.32724pt.
[36 <f:/My Documents/Address Book/Output/Temp.pdf>] <Temp.pdf, id=192, page=36,
 298.75415pt x 421.10124pt>
File: Temp.pdf Graphic file (type pdf)
<use Temp.pdf, page 36>
Package pdftex.def Info: Temp.pdf, page36 used on input line 6.
(pdftex.def)             Requested size: 599.01573pt x 844.32724pt.
File: Temp.pdf Graphic file (type pdf)
<use Temp.pdf, page 36>
Package pdftex.def Info: Temp.pdf, page36 used on input line 6.
(pdftex.def)             Requested size: 599.01573pt x 844.32724pt.
File: Temp.pdf Graphic file (type pdf)
<use Temp.pdf, page 36>
Package pdftex.def Info: Temp.pdf, page36 used on input line 6.
(pdftex.def)             Requested size: 599.01573pt x 844.32724pt.
[37 <f:/My Documents/Address Book/Output/Temp.pdf>] <Temp.pdf, id=197, page=37,
 298.75415pt x 421.10124pt>
File: Temp.pdf Graphic file (type pdf)
<use Temp.pdf, page 37>
Package pdftex.def Info: Temp.pdf, page37 used on input line 6.
(pdftex.def)             Requested size: 599.01573pt x 844.32724pt.
File: Temp.pdf Graphic file (type pdf)
<use Temp.pdf, page 37>
Package pdftex.def Info: Temp.pdf, page37 used on input line 6.
(pdftex.def)             Requested size: 599.01573pt x 844.32724pt.
File: Temp.pdf Graphic file (type pdf)
<use Temp.pdf, page 37>
Package pdftex.def Info: Temp.pdf, page37 used on input line 6.
(pdftex.def)             Requested size: 599.01573pt x 844.32724pt.
[38 <f:/My Documents/Address Book/Output/Temp.pdf>] <Temp.pdf, id=201, page=38,
 298.75415pt x 421.10124pt>
File: Temp.pdf Graphic file (type pdf)
<use Temp.pdf, page 38>
Package pdftex.def Info: Temp.pdf, page38 used on input line 6.
(pdftex.def)             Requested size: 599.01573pt x 844.32724pt.
File: Temp.pdf Graphic file (type pdf)
<use Temp.pdf, page 38>
Package pdftex.def Info: Temp.pdf, page38 used on input line 6.
(pdftex.def)             Requested size: 599.01573pt x 844.32724pt.
File: Temp.pdf Graphic file (type pdf)
<use Temp.pdf, page 38>
Package pdftex.def Info: Temp.pdf, page38 used on input line 6.
(pdftex.def)             Requested size: 599.01573pt x 844.32724pt.
[39 <f:/My Documents/Address Book/Output/Temp.pdf>] <Temp.pdf, id=210, page=39,
 298.75415pt x 421.10124pt>
File: Temp.pdf Graphic file (type pdf)
<use Temp.pdf, page 39>
Package pdftex.def Info: Temp.pdf, page39 used on input line 6.
(pdftex.def)             Requested size: 599.01573pt x 844.32724pt.
File: Temp.pdf Graphic file (type pdf)
<use Temp.pdf, page 39>
Package pdftex.def Info: Temp.pdf, page39 used on input line 6.
(pdftex.def)             Requested size: 599.01573pt x 844.32724pt.
File: Temp.pdf Graphic file (type pdf)
<use Temp.pdf, page 39>
Package pdftex.def Info: Temp.pdf, page39 used on input line 6.
(pdftex.def)             Requested size: 599.01573pt x 844.32724pt.
[40 <f:/My Documents/Address Book/Output/Temp.pdf>] <Temp.pdf, id=214, page=40,
 298.75415pt x 421.10124pt>
File: Temp.pdf Graphic file (type pdf)
<use Temp.pdf, page 40>
Package pdftex.def Info: Temp.pdf, page40 used on input line 6.
(pdftex.def)             Requested size: 599.01573pt x 844.32724pt.
File: Temp.pdf Graphic file (type pdf)
<use Temp.pdf, page 40>
Package pdftex.def Info: Temp.pdf, page40 used on input line 6.
(pdftex.def)             Requested size: 599.01573pt x 844.32724pt.
File: Temp.pdf Graphic file (type pdf)
<use Temp.pdf, page 40>
Package pdftex.def Info: Temp.pdf, page40 used on input line 6.
(pdftex.def)             Requested size: 599.01573pt x 844.32724pt.
[41 <f:/My Documents/Address Book/Output/Temp.pdf>] <Temp.pdf, id=218, page=41,
 298.75415pt x 421.10124pt>
File: Temp.pdf Graphic file (type pdf)
<use Temp.pdf, page 41>
Package pdftex.def Info: Temp.pdf, page41 used on input line 6.
(pdftex.def)             Requested size: 599.01573pt x 844.32724pt.
File: Temp.pdf Graphic file (type pdf)
<use Temp.pdf, page 41>
Package pdftex.def Info: Temp.pdf, page41 used on input line 6.
(pdftex.def)             Requested size: 599.01573pt x 844.32724pt.
File: Temp.pdf Graphic file (type pdf)
<use Temp.pdf, page 41>
Package pdftex.def Info: Temp.pdf, page41 used on input line 6.
(pdftex.def)             Requested size: 599.01573pt x 844.32724pt.
[42 <f:/My Documents/Address Book/Output/Temp.pdf>] <Temp.pdf, id=222, page=42,
 298.75415pt x 421.10124pt>
File: Temp.pdf Graphic file (type pdf)
<use Temp.pdf, page 42>
Package pdftex.def Info: Temp.pdf, page42 used on input line 6.
(pdftex.def)             Requested size: 599.01573pt x 844.32724pt.
File: Temp.pdf Graphic file (type pdf)
<use Temp.pdf, page 42>
Package pdftex.def Info: Temp.pdf, page42 used on input line 6.
(pdftex.def)             Requested size: 599.01573pt x 844.32724pt.
File: Temp.pdf Graphic file (type pdf)
<use Temp.pdf, page 42>
Package pdftex.def Info: Temp.pdf, page42 used on input line 6.
(pdftex.def)             Requested size: 599.01573pt x 844.32724pt.
[43 <f:/My Documents/Address Book/Output/Temp.pdf>] <Temp.pdf, id=227, page=43,
 298.75415pt x 421.10124pt>
File: Temp.pdf Graphic file (type pdf)
<use Temp.pdf, page 43>
Package pdftex.def Info: Temp.pdf, page43 used on input line 6.
(pdftex.def)             Requested size: 599.01573pt x 844.32724pt.
File: Temp.pdf Graphic file (type pdf)
<use Temp.pdf, page 43>
Package pdftex.def Info: Temp.pdf, page43 used on input line 6.
(pdftex.def)             Requested size: 599.01573pt x 844.32724pt.
File: Temp.pdf Graphic file (type pdf)
<use Temp.pdf, page 43>
Package pdftex.def Info: Temp.pdf, page43 used on input line 6.
(pdftex.def)             Requested size: 599.01573pt x 844.32724pt.
[44 <f:/My Documents/Address Book/Output/Temp.pdf>] <Temp.pdf, id=231, page=44,
 298.75415pt x 421.10124pt>
File: Temp.pdf Graphic file (type pdf)
<use Temp.pdf, page 44>
Package pdftex.def Info: Temp.pdf, page44 used on input line 6.
(pdftex.def)             Requested size: 599.01573pt x 844.32724pt.
File: Temp.pdf Graphic file (type pdf)
<use Temp.pdf, page 44>
Package pdftex.def Info: Temp.pdf, page44 used on input line 6.
(pdftex.def)             Requested size: 599.01573pt x 844.32724pt.
File: Temp.pdf Graphic file (type pdf)
<use Temp.pdf, page 44>
Package pdftex.def Info: Temp.pdf, page44 used on input line 6.
(pdftex.def)             Requested size: 599.01573pt x 844.32724pt.
[45 <f:/My Documents/Address Book/Output/Temp.pdf>] <Temp.pdf, id=235, page=45,
 298.75415pt x 421.10124pt>
File: Temp.pdf Graphic file (type pdf)
<use Temp.pdf, page 45>
Package pdftex.def Info: Temp.pdf, page45 used on input line 6.
(pdftex.def)             Requested size: 599.01573pt x 844.32724pt.
File: Temp.pdf Graphic file (type pdf)
<use Temp.pdf, page 45>
Package pdftex.def Info: Temp.pdf, page45 used on input line 6.
(pdftex.def)             Requested size: 599.01573pt x 844.32724pt.
File: Temp.pdf Graphic file (type pdf)
<use Temp.pdf, page 45>
Package pdftex.def Info: Temp.pdf, page45 used on input line 6.
(pdftex.def)             Requested size: 599.01573pt x 844.32724pt.
[46 <f:/My Documents/Address Book/Output/Temp.pdf>] <Temp.pdf, id=239, page=46,
 298.75415pt x 421.10124pt>
File: Temp.pdf Graphic file (type pdf)
<use Temp.pdf, page 46>
Package pdftex.def Info: Temp.pdf, page46 used on input line 6.
(pdftex.def)             Requested size: 599.01573pt x 844.32724pt.
File: Temp.pdf Graphic file (type pdf)
<use Temp.pdf, page 46>
Package pdftex.def Info: Temp.pdf, page46 used on input line 6.
(pdftex.def)             Requested size: 599.01573pt x 844.32724pt.
File: Temp.pdf Graphic file (type pdf)
<use Temp.pdf, page 46>
Package pdftex.def Info: Temp.pdf, page46 used on input line 6.
(pdftex.def)             Requested size: 599.01573pt x 844.32724pt.
[47 <f:/My Documents/Address Book/Output/Temp.pdf>] <Temp.pdf, id=243, page=47,
 298.75415pt x 421.10124pt>
File: Temp.pdf Graphic file (type pdf)
<use Temp.pdf, page 47>
Package pdftex.def Info: Temp.pdf, page47 used on input line 6.
(pdftex.def)             Requested size: 599.01573pt x 844.32724pt.
File: Temp.pdf Graphic file (type pdf)
<use Temp.pdf, page 47>
Package pdftex.def Info: Temp.pdf, page47 used on input line 6.
(pdftex.def)             Requested size: 599.01573pt x 844.32724pt.
File: Temp.pdf Graphic file (type pdf)
<use Temp.pdf, page 47>
Package pdftex.def Info: Temp.pdf, page47 used on input line 6.
(pdftex.def)             Requested size: 599.01573pt x 844.32724pt.
[48 <f:/My Documents/Address Book/Output/Temp.pdf>] <Temp.pdf, id=247, page=48,
 298.75415pt x 421.10124pt>
File: Temp.pdf Graphic file (type pdf)
<use Temp.pdf, page 48>
Package pdftex.def Info: Temp.pdf, page48 used on input line 6.
(pdftex.def)             Requested size: 599.01573pt x 844.32724pt.
File: Temp.pdf Graphic file (type pdf)
<use Temp.pdf, page 48>
Package pdftex.def Info: Temp.pdf, page48 used on input line 6.
(pdftex.def)             Requested size: 599.01573pt x 844.32724pt.
File: Temp.pdf Graphic file (type pdf)
<use Temp.pdf, page 48>
Package pdftex.def Info: Temp.pdf, page48 used on input line 6.
(pdftex.def)             Requested size: 599.01573pt x 844.32724pt.
[49 <f:/My Documents/Address Book/Output/Temp.pdf>] <Temp.pdf, id=252, page=49,
 298.75415pt x 421.10124pt>
File: Temp.pdf Graphic file (type pdf)
<use Temp.pdf, page 49>
Package pdftex.def Info: Temp.pdf, page49 used on input line 6.
(pdftex.def)             Requested size: 599.01573pt x 844.32724pt.
File: Temp.pdf Graphic file (type pdf)
<use Temp.pdf, page 49>
Package pdftex.def Info: Temp.pdf, page49 used on input line 6.
(pdftex.def)             Requested size: 599.01573pt x 844.32724pt.
File: Temp.pdf Graphic file (type pdf)
<use Temp.pdf, page 49>
Package pdftex.def Info: Temp.pdf, page49 used on input line 6.
(pdftex.def)             Requested size: 599.01573pt x 844.32724pt.
[50 <f:/My Documents/Address Book/Output/Temp.pdf>] <Temp.pdf, id=256, page=50,
 298.75415pt x 421.10124pt>
File: Temp.pdf Graphic file (type pdf)
<use Temp.pdf, page 50>
Package pdftex.def Info: Temp.pdf, page50 used on input line 6.
(pdftex.def)             Requested size: 599.01573pt x 844.32724pt.
File: Temp.pdf Graphic file (type pdf)
<use Temp.pdf, page 50>
Package pdftex.def Info: Temp.pdf, page50 used on input line 6.
(pdftex.def)             Requested size: 599.01573pt x 844.32724pt.
File: Temp.pdf Graphic file (type pdf)
<use Temp.pdf, page 50>
Package pdftex.def Info: Temp.pdf, page50 used on input line 6.
(pdftex.def)             Requested size: 599.01573pt x 844.32724pt.
[51 <f:/My Documents/Address Book/Output/Temp.pdf>] <Temp.pdf, id=260, page=51,
 298.75415pt x 421.10124pt>
File: Temp.pdf Graphic file (type pdf)
<use Temp.pdf, page 51>
Package pdftex.def Info: Temp.pdf, page51 used on input line 6.
(pdftex.def)             Requested size: 599.01573pt x 844.32724pt.
File: Temp.pdf Graphic file (type pdf)
<use Temp.pdf, page 51>
Package pdftex.def Info: Temp.pdf, page51 used on input line 6.
(pdftex.def)             Requested size: 599.01573pt x 844.32724pt.
File: Temp.pdf Graphic file (type pdf)
<use Temp.pdf, page 51>
Package pdftex.def Info: Temp.pdf, page51 used on input line 6.
(pdftex.def)             Requested size: 599.01573pt x 844.32724pt.
[52 <f:/My Documents/Address Book/Output/Temp.pdf>] <Temp.pdf, id=264, page=52,
 298.75415pt x 421.10124pt>
File: Temp.pdf Graphic file (type pdf)
<use Temp.pdf, page 52>
Package pdftex.def Info: Temp.pdf, page52 used on input line 6.
(pdftex.def)             Requested size: 599.01573pt x 844.32724pt.
File: Temp.pdf Graphic file (type pdf)
<use Temp.pdf, page 52>
Package pdftex.def Info: Temp.pdf, page52 used on input line 6.
(pdftex.def)             Requested size: 599.01573pt x 844.32724pt.
File: Temp.pdf Graphic file (type pdf)
<use Temp.pdf, page 52>
Package pdftex.def Info: Temp.pdf, page52 used on input line 6.
(pdftex.def)             Requested size: 599.01573pt x 844.32724pt.
[53 <f:/My Documents/Address Book/Output/Temp.pdf>] <Temp.pdf, id=268, page=53,
 298.75415pt x 421.10124pt>
File: Temp.pdf Graphic file (type pdf)
<use Temp.pdf, page 53>
Package pdftex.def Info: Temp.pdf, page53 used on input line 6.
(pdftex.def)             Requested size: 599.01573pt x 844.32724pt.
File: Temp.pdf Graphic file (type pdf)
<use Temp.pdf, page 53>
Package pdftex.def Info: Temp.pdf, page53 used on input line 6.
(pdftex.def)             Requested size: 599.01573pt x 844.32724pt.
File: Temp.pdf Graphic file (type pdf)
<use Temp.pdf, page 53>
Package pdftex.def Info: Temp.pdf, page53 used on input line 6.
(pdftex.def)             Requested size: 599.01573pt x 844.32724pt.
[54 <f:/My Documents/Address Book/Output/Temp.pdf>] <Temp.pdf, id=272, page=54,
 298.75415pt x 421.10124pt>
File: Temp.pdf Graphic file (type pdf)
<use Temp.pdf, page 54>
Package pdftex.def Info: Temp.pdf, page54 used on input line 6.
(pdftex.def)             Requested size: 599.01573pt x 844.32724pt.
File: Temp.pdf Graphic file (type pdf)
<use Temp.pdf, page 54>
Package pdftex.def Info: Temp.pdf, page54 used on input line 6.
(pdftex.def)             Requested size: 599.01573pt x 844.32724pt.
File: Temp.pdf Graphic file (type pdf)
<use Temp.pdf, page 54>
Package pdftex.def Info: Temp.pdf, page54 used on input line 6.
(pdftex.def)             Requested size: 599.01573pt x 844.32724pt.
[55 <f:/My Documents/Address Book/Output/Temp.pdf>] <Temp.pdf, id=277, page=55,
 298.75415pt x 421.10124pt>
File: Temp.pdf Graphic file (type pdf)
<use Temp.pdf, page 55>
Package pdftex.def Info: Temp.pdf, page55 used on input line 6.
(pdftex.def)             Requested size: 599.01573pt x 844.32724pt.
File: Temp.pdf Graphic file (type pdf)
<use Temp.pdf, page 55>
Package pdftex.def Info: Temp.pdf, page55 used on input line 6.
(pdftex.def)             Requested size: 599.01573pt x 844.32724pt.
File: Temp.pdf Graphic file (type pdf)
<use Temp.pdf, page 55>
Package pdftex.def Info: Temp.pdf, page55 used on input line 6.
(pdftex.def)             Requested size: 599.01573pt x 844.32724pt.
[56 <f:/My Documents/Address Book/Output/Temp.pdf>] <Temp.pdf, id=281, page=56,
 298.75415pt x 421.10124pt>
File: Temp.pdf Graphic file (type pdf)
<use Temp.pdf, page 56>
Package pdftex.def Info: Temp.pdf, page56 used on input line 6.
(pdftex.def)             Requested size: 599.01573pt x 844.32724pt.
File: Temp.pdf Graphic file (type pdf)
<use Temp.pdf, page 56>
Package pdftex.def Info: Temp.pdf, page56 used on input line 6.
(pdftex.def)             Requested size: 599.01573pt x 844.32724pt.
File: Temp.pdf Graphic file (type pdf)
<use Temp.pdf, page 56>
Package pdftex.def Info: Temp.pdf, page56 used on input line 6.
(pdftex.def)             Requested size: 599.01573pt x 844.32724pt.
[57 <f:/My Documents/Address Book/Output/Temp.pdf>] <Temp.pdf, id=285, page=57,
 298.75415pt x 421.10124pt>
File: Temp.pdf Graphic file (type pdf)
<use Temp.pdf, page 57>
Package pdftex.def Info: Temp.pdf, page57 used on input line 6.
(pdftex.def)             Requested size: 599.01573pt x 844.32724pt.
File: Temp.pdf Graphic file (type pdf)
<use Temp.pdf, page 57>
Package pdftex.def Info: Temp.pdf, page57 used on input line 6.
(pdftex.def)             Requested size: 599.01573pt x 844.32724pt.
File: Temp.pdf Graphic file (type pdf)
<use Temp.pdf, page 57>
Package pdftex.def Info: Temp.pdf, page57 used on input line 6.
(pdftex.def)             Requested size: 599.01573pt x 844.32724pt.
[58 <f:/My Documents/Address Book/Output/Temp.pdf>] <Temp.pdf, id=289, page=58,
 298.75415pt x 421.10124pt>
File: Temp.pdf Graphic file (type pdf)
<use Temp.pdf, page 58>
Package pdftex.def Info: Temp.pdf, page58 used on input line 6.
(pdftex.def)             Requested size: 599.01573pt x 844.32724pt.
File: Temp.pdf Graphic file (type pdf)
<use Temp.pdf, page 58>
Package pdftex.def Info: Temp.pdf, page58 used on input line 6.
(pdftex.def)             Requested size: 599.01573pt x 844.32724pt.
File: Temp.pdf Graphic file (type pdf)
<use Temp.pdf, page 58>
Package pdftex.def Info: Temp.pdf, page58 used on input line 6.
(pdftex.def)             Requested size: 599.01573pt x 844.32724pt.
[59 <f:/My Documents/Address Book/Output/Temp.pdf>] <Temp.pdf, id=293, page=59,
 298.75415pt x 421.10124pt>
File: Temp.pdf Graphic file (type pdf)
<use Temp.pdf, page 59>
Package pdftex.def Info: Temp.pdf, page59 used on input line 6.
(pdftex.def)             Requested size: 599.01573pt x 844.32724pt.
File: Temp.pdf Graphic file (type pdf)
<use Temp.pdf, page 59>
Package pdftex.def Info: Temp.pdf, page59 used on input line 6.
(pdftex.def)             Requested size: 599.01573pt x 844.32724pt.
File: Temp.pdf Graphic file (type pdf)
<use Temp.pdf, page 59>
Package pdftex.def Info: Temp.pdf, page59 used on input line 6.
(pdftex.def)             Requested size: 599.01573pt x 844.32724pt.
[60 <f:/My Documents/Address Book/Output/Temp.pdf>] ("f:\My Documents\Address B
ook\Output\addrWithFront.aux") ) 
Here is how much of TeX's memory you used:
 2816 strings out of 494072
 41022 string characters out of 3136729
 100915 words of memory out of 3000000
 6100 multiletter control sequences out of 15000+200000
 3640 words of font info for 14 fonts, out of 3000000 for 9000
 715 hyphenation exceptions out of 8191
 40i,18n,44p,331b,393s stack positions out of 5000i,500n,10000p,200000b,50000s
<d:/DBSharedFiles/LatexFiles/Miktex/fonts/type1
/public/amsfonts/cm/cmr10.pfb><d:/DBSharedFiles/LatexFiles/Miktex/fonts/type1/p
ublic/amsfonts/cm/cmr17.pfb><d:/DBSharedFiles/LatexFiles/Miktex/fonts/type1/urw
/helvetic/uhvb8a.pfb><d:/DBSharedFiles/LatexFiles/Miktex/fonts/type1/urw/helvet
ic/uhvr8a.pfb><d:/DBSharedFiles/LatexFiles/Miktex/fonts/type1/urw/helvetic/uhvr
o8a.pfb><d:/DBSharedFiles/LatexFiles/Miktex/fonts/type1/urw/times/utmb8a.pfb><d
:/DBSharedFiles/LatexFiles/Miktex/fonts/type1/urw/times/utmr8a.pfb><d:/DBShared
Files/LatexFiles/Miktex/fonts/type1/urw/times/utmri8a.pfb>
Output written on addrWithFront.pdf (60 pages, 261208 bytes).
PDF statistics:
 309 PDF objects out of 1000 (max. 8388607)
 0 named destinations out of 1000 (max. 500000)
 321 words of extra memory for PDF output out of 10000 (max. 10000000)

