This is pdfTeX, Version 3.141592653-2.6-1.40.24 (TeX Live 2022/Debian) (preloaded format=pdflatex 2022.10.31)  21 MAR 2025 18:15
entering extended mode
 restricted \write18 enabled.
 %&-line parsing enabled.
**output.tex
(./output.tex
LaTeX2e <2022-06-01> patch level 5
L3 programming layer <2022-07-15>
(/usr/share/texlive/texmf-dist/tex/latex/base/article.cls
Document Class: article 2021/10/04 v1.4n Standard LaTeX document class
(/usr/share/texlive/texmf-dist/tex/latex/base/size10.clo
File: size10.clo 2021/10/04 v1.4n Standard LaTeX file (size option)
)
\c@part=\count185
\c@section=\count186
\c@subsection=\count187
\c@subsubsection=\count188
\c@paragraph=\count189
\c@subparagraph=\count190
\c@figure=\count191
\c@table=\count192
\abovecaptionskip=\skip47
\belowcaptionskip=\skip48
\bibindent=\dimen138
) (./addressbook1.sty
Package: addressbook1 

(./addressbook3.sty
\fancy@headwidth=\skip49
\f@ncyO@elh=\skip50
\f@ncyO@erh=\skip51
\f@ncyO@olh=\skip52
\f@ncyO@orh=\skip53
\f@ncyO@elf=\skip54
\f@ncyO@erf=\skip55
\f@ncyO@olf=\skip56
\f@ncyO@orf=\skip57
) (/usr/share/texlive/texmf-dist/tex/latex/psnfss/times.sty
Package: times 2020/03/25 PSNFSS-v9.3 (SPQR) 
) (/usr/share/texlive/texmf-dist/tex/generic/babel/babel.sty
Package: babel 2022/07/20 3.78 The Babel package
\babel@savecnt=\count193
\U@D=\dimen139
\l@unhyphenated=\language4

(/usr/share/texlive/texmf-dist/tex/generic/babel/txtbabel.def)
\bbl@readstream=\read2
\bbl@dirlevel=\count194

(/usr/share/texlive/texmf-dist/tex/generic/babel-english/english.ldf
Language: english 2017/06/06 v3.3r English support from the babel system
Package babel Info: Hyphen rules for 'british' set to \l@english
(babel)             (\language0). Reported on input line 82.
Package babel Info: Hyphen rules for 'UKenglish' set to \l@english
(babel)             (\language0). Reported on input line 83.
Package babel Info: Hyphen rules for 'canadian' set to \l@english
(babel)             (\language0). Reported on input line 102.
Package babel Info: Hyphen rules for 'australian' set to \l@english
(babel)             (\language0). Reported on input line 105.
Package babel Info: Hyphen rules for 'newzealand' set to \l@english
(babel)             (\language0). Reported on input line 108.
))
(/usr/share/texlive/texmf-dist/tex/generic/babel/locale/en/babel-english.tex
Package babel Info: Importing font and identification data for english
(babel)             from babel-en.ini. Reported on input line 11.
)
(/usr/share/texlive/texmf-dist/tex/latex/base/fontenc.sty
Package: fontenc 2021/04/29 v2.0v Standard LaTeX package
LaTeX Font Info:    Trying to load font information for OT1+ptm on input line 1
12.

(/usr/share/texlive/texmf-dist/tex/latex/psnfss/ot1ptm.fd
File: ot1ptm.fd 2001/06/04 font definitions for OT1/ptm.
))
(/usr/share/texlive/texmf-dist/tex/generic/ulem/ulem.sty
\UL@box=\box51
\UL@hyphenbox=\box52
\UL@skip=\skip58
\UL@hook=\toks16
\UL@height=\dimen140
\UL@pe=\count195
\UL@pixel=\dimen141
\ULC@box=\box53
Package: ulem 2019/11/18
\ULdepth=\dimen142
)
(/usr/share/texlive/texmf-dist/tex/latex/ragged2e/ragged2e.sty
Package: ragged2e 2021/12/15 v3.1 ragged2e Package
\CenteringLeftskip=\skip59
\RaggedLeftLeftskip=\skip60
\RaggedRightLeftskip=\skip61
\CenteringRightskip=\skip62
\RaggedLeftRightskip=\skip63
\RaggedRightRightskip=\skip64
\CenteringParfillskip=\skip65
\RaggedLeftParfillskip=\skip66
\RaggedRightParfillskip=\skip67
\JustifyingParfillskip=\skip68
\CenteringParindent=\skip69
\RaggedLeftParindent=\skip70
\RaggedRightParindent=\skip71
\JustifyingParindent=\skip72
)
(/usr/share/texlive/texmf-dist/tex/latex/fp/fp.sty
Package: fp 1995/04/02

`Fixed Point Package', Version 0.8, April 2, 1995 (C) Michael Mehlich
(/usr/share/texlive/texmf-dist/tex/latex/fp/defpattern.sty
Package: defpattern 1994/10/12
\actioncount=\count196
)
(/usr/share/texlive/texmf-dist/tex/latex/fp/fp-basic.sty
Package: fp-basic 1996/05/13
\FP@xs=\count197
\FP@xia=\count198
\FP@xib=\count199
\FP@xfa=\count266
\FP@xfb=\count267
\FP@rega=\count268
\FP@regb=\count269
\FP@regs=\count270
\FP@times=\count271
)
(/usr/share/texlive/texmf-dist/tex/latex/fp/fp-addons.sty
Package: fp-addons 1995/03/15
)
(/usr/share/texlive/texmf-dist/tex/latex/fp/fp-snap.sty
Package: fp-snap 1995/04/05
)
(/usr/share/texlive/texmf-dist/tex/latex/fp/fp-exp.sty
Package: fp-exp 1995/04/03
)
(/usr/share/texlive/texmf-dist/tex/latex/fp/fp-trigo.sty
Package: fp-trigo 1995/04/14
)
(/usr/share/texlive/texmf-dist/tex/latex/fp/fp-pas.sty
Package: fp-pas 1994/08/29
)
(/usr/share/texlive/texmf-dist/tex/latex/fp/fp-random.sty
Package: fp-random 1995/02/23
\FPseed=\count272
)
(/usr/share/texlive/texmf-dist/tex/latex/fp/fp-eqn.sty
Package: fp-eqn 1995/04/03
)
(/usr/share/texlive/texmf-dist/tex/latex/fp/fp-upn.sty
Package: fp-upn 1996/10/21
)
(/usr/share/texlive/texmf-dist/tex/latex/fp/fp-eval.sty
Package: fp-eval 1995/04/03
))
(/usr/share/texlive/texmf-dist/tex/latex/base/makeidx.sty
Package: makeidx 2021/10/04 v1.0m Standard LaTeX package
)
(/usr/share/texlive/texmf-dist/tex/latex/pbox/pbox.sty
Package: pbox 2011/12/07 v1.2 Dynamic parboxes

(/usr/share/texlive/texmf-dist/tex/latex/tools/calc.sty
Package: calc 2017/05/25 v4.3 Infix arithmetic (KKT,FJ)
\calc@Acount=\count273
\calc@Bcount=\count274
\calc@Adimen=\dimen143
\calc@Bdimen=\dimen144
\calc@Askip=\skip73
\calc@Bskip=\skip74
LaTeX Info: Redefining \setlength on input line 80.
LaTeX Info: Redefining \addtolength on input line 81.
\calc@Ccount=\count275
\calc@Cskip=\skip75
)
(/usr/share/texlive/texmf-dist/tex/latex/base/ifthen.sty
Package: ifthen 2022/04/13 v1.1d Standard LaTeX ifthen package (DPC)
)
\pb@xlen=\skip76
)
(/usr/share/texlive/texmf-dist/tex/latex/tools/multicol.sty
Package: multicol 2021/11/30 v1.9d multicolumn formatting (FMi)
\c@tracingmulticols=\count276
\mult@box=\box54
\multicol@leftmargin=\dimen145
\c@unbalance=\count277
\c@collectmore=\count278
\doublecol@number=\count279
\multicoltolerance=\count280
\multicolpretolerance=\count281
\full@width=\dimen146
\page@free=\dimen147
\premulticols=\dimen148
\postmulticols=\dimen149
\multicolsep=\skip77
\multicolbaselineskip=\skip78
\partial@page=\box55
\last@line=\box56
\maxbalancingoverflow=\dimen150
\mult@rightbox=\box57
\mult@grightbox=\box58
\mult@firstbox=\box59
\mult@gfirstbox=\box60
\@tempa=\box61
\@tempa=\box62
\@tempa=\box63
\@tempa=\box64
\@tempa=\box65
\@tempa=\box66
\@tempa=\box67
\@tempa=\box68
\@tempa=\box69
\@tempa=\box70
\@tempa=\box71
\@tempa=\box72
\@tempa=\box73
\@tempa=\box74
\@tempa=\box75
\@tempa=\box76
\@tempa=\box77
\@tempa=\box78
\@tempa=\box79
\@tempa=\box80
\@tempa=\box81
\@tempa=\box82
\@tempa=\box83
\@tempa=\box84
\@tempa=\box85
\@tempa=\box86
\@tempa=\box87
\@tempa=\box88
\@tempa=\box89
\@tempa=\box90
\@tempa=\box91
\@tempa=\box92
\@tempa=\box93
\@tempa=\box94
\@tempa=\box95
\@tempa=\box96
\c@minrows=\count282
\c@columnbadness=\count283
\c@finalcolumnbadness=\count284
\last@try=\dimen151
\multicolovershoot=\dimen152
\multicolundershoot=\dimen153
\mult@nat@firstbox=\box97
\colbreak@box=\box98
\mc@col@check@num=\count285
)
(/usr/share/texlive/texmf-dist/tex/latex/geometry/geometry.sty
Package: geometry 2020/01/02 v5.9 Page Geometry

(/usr/share/texlive/texmf-dist/tex/latex/graphics/keyval.sty
Package: keyval 2022/05/29 v1.15 key=value parser (DPC)
\KV@toks@=\toks17
)
(/usr/share/texlive/texmf-dist/tex/generic/iftex/ifvtex.sty
Package: ifvtex 2019/10/25 v1.7 ifvtex legacy package. Use iftex instead.

(/usr/share/texlive/texmf-dist/tex/generic/iftex/iftex.sty
Package: iftex 2022/02/03 v1.0f TeX engine tests
))
\Gm@cnth=\count286
\Gm@cntv=\count287
\c@Gm@tempcnt=\count288
\Gm@bindingoffset=\dimen154
\Gm@wd@mp=\dimen155
\Gm@odd@mp=\dimen156
\Gm@even@mp=\dimen157
\Gm@layoutwidth=\dimen158
\Gm@layoutheight=\dimen159
\Gm@layouthoffset=\dimen160
\Gm@layoutvoffset=\dimen161
\Gm@dimlist=\toks18
)
\TempCnt=\count289
\FontScaleCnt=\count290
\ProvFontCnt=\count291
\DistFontCnt=\count292
\MedSmallFontCnt=\count293
\NormalFontCnt=\count294
\SmallFontCnt=\count295
\VSmallFontCnt=\count296
\SurnameDim=\dimen162
\PhoneDim=\dimen163
\AddrDim=\dimen164
\AddrPhoneDim=\dimen165
\SurAddrDim=\dimen166
\SurAddrPhoneDim=\dimen167
 ( FP-MUL )
( FP-MUL ) ( FP-MUL ) ( FP-MUL ) ( FP-MUL ) ( FP-MUL ) ( FP-MUL ) ( FP-CLIP )
( FP-CLIP ) ( FP-CLIP ) ( FP-CLIP ) ( FP-CLIP ) ( FP-CLIP ) ( FP-CLIP )
\HeadBox=\box99
\TempBox=\box100
\PhoneListBox=\box101
\DetailsBox=\box102
\AddressBox=\box103
\HomeBox=\box104
\LeftBox=\box105
)
(/usr/share/texlive/texmf-dist/tex/latex/l3backend/l3backend-pdftex.def
File: l3backend-pdftex.def 2022-07-01 L3 backend support: PDF output (pdfTeX)
\l__color_backend_stack_int=\count297
\l__pdf_internal_box=\box106
)
(output/output.aux)
\openout1 = `output.aux'.

LaTeX Font Info:    Checking defaults for OML/cmm/m/it on input line 3.
LaTeX Font Info:    ... okay on input line 3.
LaTeX Font Info:    Checking defaults for OMS/cmsy/m/n on input line 3.
LaTeX Font Info:    ... okay on input line 3.
LaTeX Font Info:    Checking defaults for OT1/cmr/m/n on input line 3.
LaTeX Font Info:    ... okay on input line 3.
LaTeX Font Info:    Checking defaults for T1/cmr/m/n on input line 3.
LaTeX Font Info:    ... okay on input line 3.
LaTeX Font Info:    Checking defaults for TS1/cmr/m/n on input line 3.
LaTeX Font Info:    ... okay on input line 3.
LaTeX Font Info:    Checking defaults for OMX/cmex/m/n on input line 3.
LaTeX Font Info:    ... okay on input line 3.
LaTeX Font Info:    Checking defaults for U/cmr/m/n on input line 3.
LaTeX Font Info:    ... okay on input line 3.

*geometry* driver: auto-detecting
*geometry* detected driver: pdftex
*geometry* verbose mode - [ preamble ] result:
* driver: pdftex
* paper: custom
* layout: <same size as paper>
* layoutoffset:(h,v)=(0.0pt,0.0pt)
* modes: twoside 
* h-part:(L,W,R)=(28.45274pt, 241.84845pt, 28.45274pt)
* v-part:(T,H,B)=(28.45274pt, 364.1953pt, 28.45274pt)
* \paperwidth=298.75394pt
* \paperheight=421.10078pt
* \textwidth=241.84845pt
* \textheight=364.1953pt
* \oddsidemargin=-43.81725pt
* \evensidemargin=-43.81725pt
* \topmargin=-56.81725pt
* \headheight=12.0pt
* \headsep=1.0pt
* \topskip=10.0pt
* \footskip=30.0pt
* \marginparwidth=65.0pt
* \marginparsep=11.0pt
* \columnsep=10.0pt
* \skip\footins=9.0pt plus 4.0pt minus 2.0pt
* \hoffset=0.0pt
* \voffset=0.0pt
* \mag=1000
* \@twocolumnfalse
* \@twosidetrue
* \@mparswitchtrue
* \@reversemarginfalse
* (1in=72.27pt=25.4mm, 1cm=28.453pt)

\SurnameDim=\dimen168
\PhoneDim=\dimen169
\AddrDim=\dimen170
\AddrPhoneDim=\dimen171
\SurAddrDim=\dimen172
\SurAddrPhoneDim=\dimen173
( FP-MUL ) ( FP-MUL ) ( FP-MUL ) ( FP-MUL ) ( FP-MUL ) ( FP-MUL ) ( FP-MUL )
( FP-CLIP ) ( FP-CLIP ) ( FP-CLIP ) ( FP-CLIP ) ( FP-CLIP ) ( FP-CLIP )
( FP-CLIP )
\openout2 = `addrFront.aux'.

 (./addrFront.tex) [1{/var/lib/texmf/fonts/map/pdftex/updmap/pdftex.map}


]
LaTeX Font Info:    Calculating math sizes for size <9.095> on input line 7.


LaTeX Font Warning: Font shape `OT1/cmr/m/n' in size <4.5475> not available
(Font)              size <5> substituted on input line 7.


LaTeX Font Warning: Font shape `OML/cmm/m/it' in size <4.5475> not available
(Font)              size <5> substituted on input line 7.


LaTeX Font Warning: Font shape `OMS/cmsy/m/n' in size <4.5475> not available
(Font)              size <5> substituted on input line 7.

LaTeX Font Info:    External font `cmex10' loaded for size
(Font)              <9.095> on input line 7.
LaTeX Font Info:    External font `cmex10' loaded for size
(Font)              <6.36647> on input line 7.
LaTeX Font Info:    External font `cmex10' loaded for size
(Font)              <4.5475> on input line 7.
LaTeX Font Info:    Trying to load font information for OT1+phv on input line 7
.
(/usr/share/texlive/texmf-dist/tex/latex/psnfss/ot1phv.fd
File: ot1phv.fd 2020/03/25 scalable font definitions for OT1/phv.
)
Underfull \hbox (badness 1275) in paragraph at lines 11--11
[]\OT1/phv/m/n/7.65 Mother; Mundele-mane 
 []


Underfull \hbox (badness 1275) in paragraph at lines 11--11
[]\OT1/phv/m/n/7.65 Mother; Mundele-mane 
 []

[2


]
Underfull \hbox (badness 1092) in paragraph at lines 32--32
[]\OT1/phv/m/n/7.65 Wigan; Li-fubu, Luwingu 
 []


Underfull \hbox (badness 1092) in paragraph at lines 32--32
[]\OT1/phv/m/n/7.65 Wigan; Li-fubu, Luwingu 
 []


Underfull \hbox (badness 1221) in paragraph at lines 38--38
\OT1/phv/m/n/7.65 Hola Vil-lage, Ntcheu 
 []


Underfull \hbox (badness 1221) in paragraph at lines 38--38
\OT1/phv/m/n/7.65 Hola Vil-lage, Ntcheu 
 []

[3]
Underfull \hbox (badness 1348) in paragraph at lines 47--47
[]\OT1/phv/m/n/7.65 Mai D 
 []


Underfull \hbox (badness 1348) in paragraph at lines 47--47
[]\OT1/phv/m/n/7.65 Mai D 
 []


Underfull \hbox (badness 1168) in paragraph at lines 50--50
[]\OT1/phv/m/n/7.65 Varaidzai(M Mon-ica) 
 []


Underfull \hbox (badness 1168) in paragraph at lines 50--50
[]\OT1/phv/m/n/7.65 Varaidzai(M Mon-ica) 
 []

[4]
Underfull \hbox (badness 2065) in paragraph at lines 69--69
[]\OT1/phv/m/n/7.65 Tatenda; in RSA 
 []


Underfull \hbox (badness 2065) in paragraph at lines 69--69
[]\OT1/phv/m/n/7.65 Tatenda; in RSA 
 []

[5]
Underfull \hbox (badness 1163) in paragraph at lines 80--80
[]\OT1/phv/m/n/7.65 John; Lu-fubu, Luwingu 
 []


Underfull \hbox (badness 1163) in paragraph at lines 80--80
[]\OT1/phv/m/n/7.65 John; Lu-fubu, Luwingu 
 []

[6]
Underfull \hbox (badness 1852) in paragraph at lines 101--101
[]\OT1/phv/m/n/7.65 Obey, 
 []


Underfull \hbox (badness 1852) in paragraph at lines 101--101
[]\OT1/phv/m/n/7.65 Obey, 
 []


Underfull \hbox (badness 2753) in paragraph at lines 105--105
\OT1/phv/m/n/7.65 combe 
 []

[7] [8]
Underfull \hbox (badness 4168) in paragraph at lines 127--127
[]\OT1/phv/m/n/7.65 Joseph 
 []


Underfull \hbox (badness 4168) in paragraph at lines 127--127
[]\OT1/phv/m/n/7.65 Joseph 
 []


Underfull \hbox (badness 1057) in paragraph at lines 133--133
[]\OT1/phv/m/n/7.65 Papa 
 []


Underfull \hbox (badness 1057) in paragraph at lines 133--133
[]\OT1/phv/m/n/7.65 Papa 
 []

[9]
Underfull \hbox (badness 1603) in paragraph at lines 139--139
[]\OT1/phv/m/n/7.65 Edna 
 []


Underfull \hbox (badness 1603) in paragraph at lines 139--139
[]\OT1/phv/m/n/7.65 Edna 
 []


Underfull \hbox (badness 1769) in paragraph at lines 141--141
[]\OT1/phv/m/n/7.65 Patricia, Petronella 
 []


Underfull \hbox (badness 1769) in paragraph at lines 141--141
[]\OT1/phv/m/n/7.65 Patricia, Petronella 
 []


Underfull \hbox (badness 1286) in paragraph at lines 145--145
[]\OT1/phv/m/n/7.65 Gift & Kennedy; Luwingu 
 []


Underfull \hbox (badness 1286) in paragraph at lines 145--145
[]\OT1/phv/m/n/7.65 Gift & Kennedy; Luwingu 
 []


Underfull \hbox (badness 1147) in paragraph at lines 148--148
[]\OT1/phv/m/n/7.65 Margaret; Lu-fubu, Luwingu 
 []


Underfull \hbox (badness 1147) in paragraph at lines 148--148
[]\OT1/phv/m/n/7.65 Margaret; Lu-fubu, Luwingu 
 []

[10]
Underfull \hbox (badness 1406) in paragraph at lines 154--154
\OT1/phv/m/n/7.65 c/o Nyava Sch, Bindura 
 []


Underfull \hbox (badness 1406) in paragraph at lines 154--154
\OT1/phv/m/n/7.65 c/o Nyava Sch, Bindura 
 []


Underfull \hbox (badness 1389) in paragraph at lines 156--156
\OT1/phv/m/n/7.65 34.6236940) 
 []

[11]
Underfull \hbox (badness 3746) in paragraph at lines 168--168
\OT1/phv/m/n/7.65 lope 
 []


Underfull \hbox (badness 1675) in paragraph at lines 170--170
[]\OT1/phv/m/n/7.65 Panashe 
 []


Underfull \hbox (badness 1675) in paragraph at lines 170--170
[]\OT1/phv/m/n/7.65 Panashe 
 []


Underfull \hbox (badness 1028) in paragraph at lines 176--176
\OT1/phv/m/n/7.65 20.2083,28.65423) 
 []

[12]
Underfull \hbox (badness 1072) in paragraph at lines 187--187
[]\OT1/phv/m/n/7.65 Perfect 
 []


Underfull \hbox (badness 1072) in paragraph at lines 187--187
[]\OT1/phv/m/n/7.65 Perfect 
 []


Underfull \hbox (badness 1147) in paragraph at lines 190--190
[]\OT1/phv/m/n/7.65 Esther 
 []


Underfull \hbox (badness 1147) in paragraph at lines 190--190
[]\OT1/phv/m/n/7.65 Esther 
 []

[13] [14] [15]
Underfull \hbox (badness 3375) in paragraph at lines 234--234
[]\OT1/phv/m/n/7.65 Papa Mal-oba 
 []


Underfull \hbox (badness 3375) in paragraph at lines 234--234
[]\OT1/phv/m/n/7.65 Papa Mal-oba 
 []

[16] [17] [18]
Underfull \hbox (badness 1189) in paragraph at lines 283--283
\OT1/phv/m/n/7.65 Praise; Vil-lage 16B 
 []


Underfull \hbox (badness 1189) in paragraph at lines 283--283
\OT1/phv/m/n/7.65 Praise; Vil-lage 16B 
 []


Underfull \hbox (badness 2653) in paragraph at lines 290--290
\OT1/phv/m/n/7.65 Gokwe 
 []

[19]
Underfull \hbox (badness 1394) in paragraph at lines 308--308
[]\OT1/phv/m/n/7.65 Derick 
 []


Underfull \hbox (badness 1394) in paragraph at lines 308--308
[]\OT1/phv/m/n/7.65 Derick 
 []

[20]
Underfull \hbox (badness 1527) in paragraph at lines 323--323
[]\OT1/phv/m/n/7.65 Elliot, c/o Enoch 
 []


Underfull \hbox (badness 1527) in paragraph at lines 323--323
[]\OT1/phv/m/n/7.65 Elliot, c/o Enoch 
 []

[21] [22] [23] [24]
Underfull \hbox (badness 1137) in paragraph at lines 391--391
[]\OT1/phv/m/n/7.65 Leo 
 []


Underfull \hbox (badness 1137) in paragraph at lines 391--391
[]\OT1/phv/m/n/7.65 Leo 
 []

[25]
Underfull \hbox (badness 3623) in paragraph at lines 399--399
[]\OT1/phv/m/n/7.65 Shadrach 
 []


Underfull \hbox (badness 3623) in paragraph at lines 399--399
[]\OT1/phv/m/n/7.65 Shadrach 
 []


Underfull \hbox (badness 4582) in paragraph at lines 414--414
[]\OT1/phv/m/n/7.65 Boidy 
 []


Underfull \hbox (badness 4582) in paragraph at lines 414--414
[]\OT1/phv/m/n/7.65 Boidy 
 []


Underfull \hbox (badness 4048) in paragraph at lines 415--415
[]\OT1/phv/m/n/7.65 Christopher 
 []


Underfull \hbox (badness 4048) in paragraph at lines 415--415
[]\OT1/phv/m/n/7.65 Christopher 
 []

[26]
Underfull \hbox (badness 1924) in paragraph at lines 416--416
[]\OT1/phv/m/n/7.65 Kent 
 []


Underfull \hbox (badness 1924) in paragraph at lines 416--416
[]\OT1/phv/m/n/7.65 Kent 
 []

[27]
Underfull \hbox (badness 1038) in paragraph at lines 438--438
[]\OT1/phv/m/n/7.65 Nyasha 
 []


Underfull \hbox (badness 1038) in paragraph at lines 438--438
[]\OT1/phv/m/n/7.65 Nyasha 
 []

[28]
Underfull \hbox (badness 10000) in paragraph at lines 453--453

 []


Underfull \hbox (badness 2237) in paragraph at lines 459--459
[]\OT1/phv/m/n/7.65 Peter; Harare 
 []


Underfull \hbox (badness 2237) in paragraph at lines 459--459
[]\OT1/phv/m/n/7.65 Peter; Harare 
 []

[29]
Underfull \hbox (badness 1975) in paragraph at lines 471--471
\OT1/phv/m/n/7.65 Rd, Bor-row-dale 
 []


Underfull \hbox (badness 1975) in paragraph at lines 471--471
\OT1/phv/m/n/7.65 Rd, Bor-row-dale 
 []


Underfull \hbox (badness 3769) in paragraph at lines 472--472
[]\OT1/phv/m/n/7.65 Mai 
 []


Underfull \hbox (badness 3769) in paragraph at lines 472--472
[]\OT1/phv/m/n/7.65 Mai 
 []

[30] [31]
Underfull \hbox (badness 1742) in paragraph at lines 498--498
[]\OT1/phv/m/n/7.65 Papa 
 []


Underfull \hbox (badness 1742) in paragraph at lines 498--498
[]\OT1/phv/m/n/7.65 Papa 
 []


Underfull \hbox (badness 3148) in paragraph at lines 500--500
\OT1/phv/m/n/7.65 Chivhu 
 []


Overfull \hbox (7.66443pt too wide) in paragraph at lines 510--510
\OT1/phv/m/n/7.65 ls8543@gmail.com; (-13.7390830,29.1959780) 
 []


Overfull \hbox (7.66443pt too wide) in paragraph at lines 510--510
\OT1/phv/m/n/7.65 ls8543@gmail.com; (-13.7390830,29.1959780) 
 []

[32]
Underfull \hbox (badness 5878) in paragraph at lines 514--514
\OT1/phv/m/n/7.65 Bus stop) 
 []


Underfull \hbox (badness 2384) in paragraph at lines 524--524
[]\OT1/phv/m/n/7.65 Mai Shu-vai 
 []


Underfull \hbox (badness 2384) in paragraph at lines 524--524
[]\OT1/phv/m/n/7.65 Mai Shu-vai 
 []

[33]
Underfull \hbox (badness 1436) in paragraph at lines 531--531
\OT1/phv/m/n/7.65 PB 93, Ma-gunje 
 []


Underfull \hbox (badness 1436) in paragraph at lines 531--531
\OT1/phv/m/n/7.65 PB 93, Ma-gunje 
 []


Underfull \hbox (badness 1406) in paragraph at lines 535--535
[]\OT1/phv/m/n/7.65 Patience 
 []


Underfull \hbox (badness 1406) in paragraph at lines 535--535
[]\OT1/phv/m/n/7.65 Patience 
 []

[34]
Underfull \hbox (badness 1629) in paragraph at lines 547--547
[]\OT1/phv/m/n/7.65 Audrey; Mvuma 
 []


Underfull \hbox (badness 1629) in paragraph at lines 547--547
[]\OT1/phv/m/n/7.65 Audrey; Mvuma 
 []


Underfull \hbox (badness 2088) in paragraph at lines 551--551
[]\OT1/phv/m/n/7.65 Mercy 
 []


Underfull \hbox (badness 2088) in paragraph at lines 551--551
[]\OT1/phv/m/n/7.65 Mercy 
 []


Underfull \hbox (badness 1874) in paragraph at lines 553--553
[]\OT1/phv/m/n/7.65 Ambuya Njanji 
 []


Underfull \hbox (badness 1874) in paragraph at lines 553--553
[]\OT1/phv/m/n/7.65 Ambuya Njanji 
 []

[35]
Underfull \hbox (badness 1394) in paragraph at lines 566--566
\OT1/phv/m/n/7.65 Box 144, Mpan-dawana 
 []


Underfull \hbox (badness 1394) in paragraph at lines 566--566
\OT1/phv/m/n/7.65 Box 144, Mpan-dawana 
 []

[36]
LaTeX Font Info:    Font shape `OT1/phv/m/it' in size <8.5> not available
(Font)              Font shape `OT1/phv/m/sl' tried instead on input line 586.
 [37

] [38] [39] [40] [41] [42] [43] [44] [45] [46] [47] [48] [49] [50]
[51] [52] [53] [54] [55] [56] [57] [58] (output/output.aux
(output/addrFront.aux))

LaTeX Font Warning: Size substitutions with differences
(Font)              up to 0.4525pt have occurred.

 ) 
Here is how much of TeX's memory you used:
 4069 strings out of 479972
 66015 string characters out of 5887510
 399724 words of memory out of 5000000
 22209 multiletter control sequences out of 15000+600000
 497004 words of font info for 68 fonts, out of 8000000 for 9000
 14 hyphenation exceptions out of 8191
 70i,12n,76p,348b,287s stack positions out of 10000i,1000n,20000p,200000b,200000s
{/usr/share/texlive/texmf-dist/fonts/enc/dvips/base/8r.enc}</usr/share/texliv
e/texmf-dist/fonts/type1/urw/helvetic/uhvb8a.pfb></usr/share/texlive/texmf-dist
/fonts/type1/urw/helvetic/uhvr8a.pfb></usr/share/texlive/texmf-dist/fonts/type1
/urw/helvetic/uhvro8a.pfb></usr/share/texlive/texmf-dist/fonts/type1/urw/times/
utmb8a.pfb></usr/share/texlive/texmf-dist/fonts/type1/urw/times/utmr8a.pfb></us
r/share/texlive/texmf-dist/fonts/type1/urw/times/utmri8a.pfb>
Output written on output/output.pdf (58 pages, 193263 bytes).
PDF statistics:
 223 PDF objects out of 1000 (max. 8388607)
 149 compressed objects within 2 object streams
 0 named destinations out of 1000 (max. 500000)
 1 words of extra memory for PDF output out of 10000 (max. 10000000)

